# JRE version: Java(TM) SE Runtime Environment (9.0+11) (build 9.0.4+11)
# Java VM: Java HotSpot(TM) 64-Bit Server VM (9.0.4+11, mixed mode, tiered, compressed oops, g1 gc, windows-amd64)
Heap:
 garbage-first heap   total 131072K, used 37397K [0x0000000700000000, 0x0000000700100400, 0x00000007c0000000)
  region size 1024K, 2 young (2048K), 1 survivors (1024K)
 Metaspace       used 27837K, capacity 29118K, committed 29488K, reserved 1083392K
  class space    used 3093K, capacity 3360K, committed 3376K, reserved 1048576K
GC Heap History (10 events):
Event: 1.554 GC heap before
{Heap before GC invocations=0 (full 0):
 garbage-first heap   total 131072K, used 65536K [0x0000000700000000, 0x0000000700100400, 0x00000007c0000000)
  region size 1024K, 60 young (61440K), 0 survivors (0K)
 Metaspace       used 17279K, capacity 18362K, committed 18688K, reserved 1067008K
  class space    used 1718K, capacity 1939K, committed 2048K, reserved 1048576K
}
Event: 1.563 GC heap after
{Heap after GC invocations=1 (full 0):
 garbage-first heap   total 131072K, used 20716K [0x0000000700000000, 0x0000000700100400, 0x00000007c0000000)
  region size 1024K, 8 young (8192K), 8 survivors (8192K)
 Metaspace       used 17279K, capacity 18362K, committed 18688K, reserved 1067008K
  class space    used 1718K, capacity 1939K, committed 2048K, reserved 1048576K
}
Event: 2.225 GC heap before
{Heap before GC invocations=1 (full 0):
 garbage-first heap   total 131072K, used 53484K [0x0000000700000000, 0x0000000700100400, 0x00000007c0000000)
  region size 1024K, 41 young (41984K), 8 survivors (8192K)
 Metaspace       used 19999K, capacity 21216K, committed 21296K, reserved 1069056K
  class space    used 2043K, capacity 2320K, committed 2352K, reserved 1048576K
}
Event: 2.231 GC heap after
{Heap after GC invocations=2 (full 0):
 garbage-first heap   total 131072K, used 22813K [0x0000000700000000, 0x0000000700100400, 0x00000007c0000000)
  region size 1024K, 2 young (2048K), 2 survivors (2048K)
 Metaspace       used 19999K, capacity 21216K, committed 21296K, reserved 1069056K
  class space    used 2043K, capacity 2320K, committed 2352K, reserved 1048576K
}
Event: 3.036 GC heap before
{Heap before GC invocations=3 (full 0):
 garbage-first heap   total 131072K, used 89373K [0x0000000700000000, 0x0000000700100400, 0x00000007c0000000)
  region size 1024K, 60 young (61440K), 2 survivors (2048K)
 Metaspace       used 27513K, capacity 28830K, committed 29232K, reserved 1075200K
  class space    used 3075K, capacity 3328K, committed 3376K, reserved 1048576K
}
Event: 3.053 GC heap after
{Heap after GC invocations=4 (full 0):
 garbage-first heap   total 131072K, used 40320K [0x0000000700000000, 0x0000000700100400, 0x00000007c0000000)
  region size 1024K, 8 young (8192K), 8 survivors (8192K)
 Metaspace       used 27513K, capacity 28830K, committed 29232K, reserved 1075200K
  class space    used 3075K, capacity 3328K, committed 3376K, reserved 1048576K
}
Event: 3.156 GC heap before
{Heap before GC invocations=4 (full 0):
 garbage-first heap   total 131072K, used 93568K [0x0000000700000000, 0x0000000700100400, 0x00000007c0000000)
  region size 1024K, 60 young (61440K), 8 survivors (8192K)
 Metaspace       used 27545K, capacity 28830K, committed 29232K, reserved 1075200K
  class space    used 3076K, capacity 3328K, committed 3376K, reserved 1048576K
}
Event: 3.162 GC heap after
{Heap after GC invocations=5 (full 0):
 garbage-first heap   total 131072K, used 36542K [0x0000000700000000, 0x0000000700100400, 0x00000007c0000000)
  region size 1024K, 1 young (1024K), 1 survivors (1024K)
 Metaspace       used 27545K, capacity 28830K, committed 29232K, reserved 1075200K
  class space    used 3076K, capacity 3328K, committed 3376K, reserved 1048576K
}
Event: 3.279 GC heap before
{Heap before GC invocations=5 (full 0):
 garbage-first heap   total 131072K, used 96958K [0x0000000700000000, 0x0000000700100400, 0x00000007c0000000)
  region size 1024K, 60 young (61440K), 1 survivors (1024K)
 Metaspace       used 27659K, capacity 28958K, committed 29232K, reserved 1075200K
  class space    used 3081K, capacity 3328K, committed 3376K, reserved 1048576K
}
Event: 3.280 GC heap after
{Heap after GC invocations=6 (full 0):
 garbage-first heap   total 131072K, used 36596K [0x0000000700000000, 0x0000000700100400, 0x00000007c0000000)
  region size 1024K, 1 young (1024K), 1 survivors (1024K)
 Metaspace       used 27659K, capacity 28958K, committed 29232K, reserved 1075200K
  class space    used 3081K, capacity 3328K, committed 3376K, reserved 1048576K
}

