# JRE version: Java(TM) SE Runtime Environment (9.0+11) (build 9.0.4+11)
# Java VM: Java HotSpot(TM) 64-Bit Server VM (9.0.4+11, mixed mode, tiered, compressed oops, g1 gc, windows-amd64)
Heap:
 garbage-first heap   total 232448K, used 93031K [0x0000000700000000, 0x0000000700100718, 0x00000007c0000000)
  region size 1024K, 24 young (24576K), 0 survivors (0K)
 Metaspace       used 73742K, capacity 78599K, committed 78768K, reserved 1116160K
  class space    used 10317K, capacity 11178K, committed 11184K, reserved 1048576K
GC Heap History (10 events):
Event: 35.951 GC heap before
{Heap before GC invocations=26 (full 1):
 garbage-first heap   total 258048K, used 133938K [0x0000000700000000, 0x00000007001007e0, 0x00000007c0000000)
  region size 1024K, 60 young (61440K), 3 survivors (3072K)
 Metaspace       used 69350K, capacity 73263K, committed 73392K, reserved 1112064K
  class space    used 9571K, capacity 10292K, committed 10416K, reserved 1048576K
}
Event: 35.958 GC heap after
{Heap after GC invocations=27 (full 1):
 garbage-first heap   total 258048K, used 76456K [0x0000000700000000, 0x00000007001007e0, 0x00000007c0000000)
  region size 1024K, 4 young (4096K), 4 survivors (4096K)
 Metaspace       used 69350K, capacity 73263K, committed 73392K, reserved 1112064K
  class space    used 9571K, capacity 10292K, committed 10416K, reserved 1048576K
}
Event: 39.408 GC heap before
{Heap before GC invocations=27 (full 1):
 garbage-first heap   total 258048K, used 133800K [0x0000000700000000, 0x00000007001007e0, 0x00000007c0000000)
  region size 1024K, 60 young (61440K), 4 survivors (4096K)
 Metaspace       used 69953K, capacity 74047K, committed 74160K, reserved 1114112K
  class space    used 9653K, capacity 10392K, committed 10416K, reserved 1048576K
}
Event: 39.414 GC heap after
{Heap after GC invocations=28 (full 1):
 garbage-first heap   total 258048K, used 77520K [0x0000000700000000, 0x00000007001007e0, 0x00000007c0000000)
  region size 1024K, 5 young (5120K), 5 survivors (5120K)
 Metaspace       used 69953K, capacity 74047K, committed 74160K, reserved 1114112K
  class space    used 9653K, capacity 10392K, committed 10416K, reserved 1048576K
}
Event: 42.004 GC heap before
{Heap before GC invocations=28 (full 1):
 garbage-first heap   total 258048K, used 133840K [0x0000000700000000, 0x00000007001007e0, 0x00000007c0000000)
  region size 1024K, 60 young (61440K), 5 survivors (5120K)
 Metaspace       used 70153K, capacity 74243K, committed 74416K, reserved 1114112K
  class space    used 9654K, capacity 10392K, committed 10416K, reserved 1048576K
}
Event: 42.009 GC heap after
{Heap after GC invocations=29 (full 1):
 garbage-first heap   total 258048K, used 77347K [0x0000000700000000, 0x00000007001007e0, 0x00000007c0000000)
  region size 1024K, 4 young (4096K), 4 survivors (4096K)
 Metaspace       used 70153K, capacity 74243K, committed 74416K, reserved 1114112K
  class space    used 9654K, capacity 10392K, committed 10416K, reserved 1048576K
}
Event: 43.060 GC heap before
{Heap before GC invocations=29 (full 1):
 garbage-first heap   total 258048K, used 134691K [0x0000000700000000, 0x00000007001007e0, 0x00000007c0000000)
  region size 1024K, 61 young (62464K), 4 survivors (4096K)
 Metaspace       used 71662K, capacity 75985K, committed 76080K, reserved 1114112K
  class space    used 9928K, capacity 10707K, committed 10800K, reserved 1048576K
}
Event: 43.067 GC heap after
{Heap after GC invocations=30 (full 1):
 garbage-first heap   total 258048K, used 79458K [0x0000000700000000, 0x00000007001007e0, 0x00000007c0000000)
  region size 1024K, 6 young (6144K), 6 survivors (6144K)
 Metaspace       used 71662K, capacity 75985K, committed 76080K, reserved 1114112K
  class space    used 9928K, capacity 10707K, committed 10800K, reserved 1048576K
}
Event: 45.340 GC heap before
{Heap before GC invocations=30 (full 1):
 garbage-first heap   total 258048K, used 113250K [0x0000000700000000, 0x00000007001007e0, 0x00000007c0000000)
  region size 1024K, 40 young (40960K), 6 survivors (6144K)
 Metaspace       used 71923K, capacity 76489K, committed 76592K, reserved 1116160K
  class space    used 9985K, capacity 10799K, committed 10800K, reserved 1048576K
}
Event: 45.543 GC heap after
{Heap after GC invocations=31 (full 2):
 garbage-first heap   total 232448K, used 69479K [0x0000000700000000, 0x0000000700100718, 0x00000007c0000000)
  region size 1024K, 0 young (0K), 0 survivors (0K)
 Metaspace       used 71923K, capacity 76489K, committed 76592K, reserved 1116160K
  class space    used 9985K, capacity 10799K, committed 10800K, reserved 1048576K
}

