# JRE version: Java(TM) SE Runtime Environment (9.0+11) (build 9.0.4+11)
# Java VM: Java HotSpot(TM) 64-Bit Server VM (9.0.4+11, mixed mode, tiered, compressed oops, g1 gc, windows-amd64)
Heap:
 garbage-first heap   total 305152K, used 74884K [0x0000000700000000, 0x0000000700100950, 0x00000007c0000000)
  region size 1024K, 1 young (1024K), 1 survivors (1024K)
 Metaspace       used 70132K, capacity 73785K, committed 74056K, reserved 1118208K
  class space    used 9692K, capacity 10349K, committed 10364K, reserved 1048576K
GC Heap History (10 events):
Event: 14.073 GC heap after
{Heap after GC invocations=34 (full 1):
 garbage-first heap   total 189440K, used 74420K [0x0000000700000000, 0x00000007001005c8, 0x00000007c0000000)
  region size 1024K, 3 young (3072K), 3 survivors (3072K)
 Metaspace       used 69856K, capacity 73493K, committed 73544K, reserved 1118208K
  class space    used 9680K, capacity 10343K, committed 10364K, reserved 1048576K
}
Event: 14.110 GC heap before
{Heap before GC invocations=34 (full 1):
 garbage-first heap   total 189440K, used 132788K [0x0000000700000000, 0x00000007001005c8, 0x00000007c0000000)
  region size 1024K, 60 young (61440K), 3 survivors (3072K)
 Metaspace       used 69856K, capacity 73493K, committed 73544K, reserved 1118208K
  class space    used 9680K, capacity 10343K, committed 10364K, reserved 1048576K
}
Event: 14.112 GC heap after
{Heap after GC invocations=35 (full 1):
 garbage-first heap   total 227328K, used 74478K [0x0000000700000000, 0x00000007001006f0, 0x00000007c0000000)
  region size 1024K, 3 young (3072K), 3 survivors (3072K)
 Metaspace       used 69856K, capacity 73493K, committed 73544K, reserved 1118208K
  class space    used 9680K, capacity 10343K, committed 10364K, reserved 1048576K
}
Event: 14.171 GC heap before
{Heap before GC invocations=35 (full 1):
 garbage-first heap   total 227328K, used 132846K [0x0000000700000000, 0x00000007001006f0, 0x00000007c0000000)
  region size 1024K, 60 young (61440K), 3 survivors (3072K)
 Metaspace       used 69867K, capacity 73493K, committed 73544K, reserved 1118208K
  class space    used 9680K, capacity 10343K, committed 10364K, reserved 1048576K
}
Event: 14.173 GC heap after
{Heap after GC invocations=36 (full 1):
 garbage-first heap   total 227328K, used 74479K [0x0000000700000000, 0x00000007001006f0, 0x00000007c0000000)
  region size 1024K, 3 young (3072K), 3 survivors (3072K)
 Metaspace       used 69867K, capacity 73493K, committed 73544K, reserved 1118208K
  class space    used 9680K, capacity 10343K, committed 10364K, reserved 1048576K
}
Event: 14.210 GC heap before
{Heap before GC invocations=36 (full 1):
 garbage-first heap   total 227328K, used 132847K [0x0000000700000000, 0x00000007001006f0, 0x00000007c0000000)
  region size 1024K, 60 young (61440K), 3 survivors (3072K)
 Metaspace       used 69867K, capacity 73493K, committed 73544K, reserved 1118208K
  class space    used 9680K, capacity 10343K, committed 10364K, reserved 1048576K
}
Event: 14.212 GC heap after
{Heap after GC invocations=37 (full 1):
 garbage-first heap   total 227328K, used 74537K [0x0000000700000000, 0x00000007001006f0, 0x00000007c0000000)
  region size 1024K, 3 young (3072K), 3 survivors (3072K)
 Metaspace       used 69867K, capacity 73493K, committed 73544K, reserved 1118208K
  class space    used 9680K, capacity 10343K, committed 10364K, reserved 1048576K
}
Event: 14.254 GC heap before
{Heap before GC invocations=37 (full 1):
 garbage-first heap   total 227328K, used 132905K [0x0000000700000000, 0x00000007001006f0, 0x00000007c0000000)
  region size 1024K, 60 young (61440K), 3 survivors (3072K)
 Metaspace       used 69870K, capacity 73493K, committed 73544K, reserved 1118208K
  class space    used 9680K, capacity 10343K, committed 10364K, reserved 1048576K
}
Event: 14.256 GC heap after
{Heap after GC invocations=38 (full 1):
 garbage-first heap   total 227328K, used 74540K [0x0000000700000000, 0x00000007001006f0, 0x00000007c0000000)
  region size 1024K, 3 young (3072K), 3 survivors (3072K)
 Metaspace       used 69870K, capacity 73493K, committed 73544K, reserved 1118208K
  class space    used 9680K, capacity 10343K, committed 10364K, reserved 1048576K
}
Event: 14.581 GC heap before
{Heap before GC invocations=38 (full 1):
 garbage-first heap   total 227328K, used 132908K [0x0000000700000000, 0x00000007001006f0, 0x00000007c0000000)
  region size 1024K, 60 young (61440K), 3 survivors (3072K)
 Metaspace       used 70132K, capacity 73785K, committed 74056K, reserved 1118208K
  class space    used 9692K, capacity 10349K, committed 10364K, reserved 1048576K
}

