# JRE version: Java(TM) SE Runtime Environment (9.0+11) (build 9.0.4+11)
# Java VM: Java HotSpot(TM) 64-Bit Server VM (9.0.4+11, mixed mode, tiered, compressed oops, g1 gc, windows-amd64)
Heap:
 garbage-first heap   total 157696K, used 76026K [0x0000000700000000, 0x00000007001004d0, 0x00000007c0000000)
  region size 1024K, 4 young (4096K), 1 survivors (1024K)
 Metaspace       used 52720K, capacity 55331K, committed 55472K, reserved 1097728K
  class space    used 7012K, capacity 7484K, committed 7600K, reserved 1048576K
GC Heap History (10 events):
Event: 5.273 GC heap before
{Heap before GC invocations=6 (full 0):
 garbage-first heap   total 131072K, used 97800K [0x0000000700000000, 0x0000000700100400, 0x00000007c0000000)
  region size 1024K, 60 young (61440K), 1 survivors (1024K)
 Metaspace       used 32900K, capacity 34216K, committed 34608K, reserved 1079296K
  class space    used 3844K, capacity 4125K, committed 4144K, reserved 1048576K
}
Event: 5.274 GC heap after
{Heap after GC invocations=7 (full 0):
 garbage-first heap   total 131072K, used 38693K [0x0000000700000000, 0x0000000700100400, 0x00000007c0000000)
  region size 1024K, 4 young (4096K), 4 survivors (4096K)
 Metaspace       used 32900K, capacity 34216K, committed 34608K, reserved 1079296K
  class space    used 3844K, capacity 4125K, committed 4144K, reserved 1048576K
}
Event: 5.460 GC heap before
{Heap before GC invocations=7 (full 0):
 garbage-first heap   total 131072K, used 50981K [0x0000000700000000, 0x0000000700100400, 0x00000007c0000000)
  region size 1024K, 17 young (17408K), 4 survivors (4096K)
 Metaspace       used 34167K, capacity 35564K, committed 35888K, reserved 1081344K
  class space    used 3984K, capacity 4291K, committed 4400K, reserved 1048576K
}
Event: 5.463 GC heap after
{Heap after GC invocations=8 (full 0):
 garbage-first heap   total 131072K, used 39403K [0x0000000700000000, 0x0000000700100400, 0x00000007c0000000)
  region size 1024K, 4 young (4096K), 4 survivors (4096K)
 Metaspace       used 34167K, capacity 35564K, committed 35888K, reserved 1081344K
  class space    used 3984K, capacity 4291K, committed 4400K, reserved 1048576K
}
Event: 7.191 GC heap before
{Heap before GC invocations=9 (full 0):
 garbage-first heap   total 131072K, used 92651K [0x0000000700000000, 0x0000000700100400, 0x00000007c0000000)
  region size 1024K, 60 young (61440K), 4 survivors (4096K)
 Metaspace       used 39987K, capacity 41856K, committed 42160K, reserved 1085440K
  class space    used 4855K, capacity 5226K, committed 5296K, reserved 1048576K
}
Event: 7.216 GC heap after
{Heap after GC invocations=10 (full 0):
 garbage-first heap   total 131072K, used 44480K [0x0000000700000000, 0x0000000700100400, 0x00000007c0000000)
  region size 1024K, 8 young (8192K), 8 survivors (8192K)
 Metaspace       used 39987K, capacity 41856K, committed 42160K, reserved 1085440K
  class space    used 4855K, capacity 5226K, committed 5296K, reserved 1048576K
}
Event: 8.816 GC heap before
{Heap before GC invocations=10 (full 0):
 garbage-first heap   total 131072K, used 97728K [0x0000000700000000, 0x0000000700100400, 0x00000007c0000000)
  region size 1024K, 60 young (61440K), 8 survivors (8192K)
 Metaspace       used 45041K, capacity 47197K, committed 47408K, reserved 1091584K
  class space    used 5656K, capacity 6085K, committed 6192K, reserved 1048576K
}
Event: 8.831 GC heap after
{Heap after GC invocations=11 (full 0):
 garbage-first heap   total 131072K, used 52517K [0x0000000700000000, 0x0000000700100400, 0x00000007c0000000)
  region size 1024K, 8 young (8192K), 8 survivors (8192K)
 Metaspace       used 45041K, capacity 47197K, committed 47408K, reserved 1091584K
  class space    used 5656K, capacity 6085K, committed 6192K, reserved 1048576K
}
Event: 10.060 GC heap before
{Heap before GC invocations=11 (full 0):
 garbage-first heap   total 131072K, used 105765K [0x0000000700000000, 0x0000000700100400, 0x00000007c0000000)
  region size 1024K, 60 young (61440K), 8 survivors (8192K)
 Metaspace       used 47292K, capacity 49405K, committed 49584K, reserved 1091584K
  class space    used 6090K, capacity 6502K, committed 6576K, reserved 1048576K
}
Event: 10.067 GC heap after
{Heap after GC invocations=12 (full 0):
 garbage-first heap   total 157696K, used 55156K [0x0000000700000000, 0x00000007001004d0, 0x00000007c0000000)
  region size 1024K, 6 young (6144K), 6 survivors (6144K)
 Metaspace       used 47292K, capacity 49405K, committed 49584K, reserved 1091584K
  class space    used 6090K, capacity 6502K, committed 6576K, reserved 1048576K
}

