# JRE version: Java(TM) SE Runtime Environment (9.0+11) (build 9.0.4+11)
# Java VM: Java HotSpot(TM) 64-Bit Server VM (9.0.4+11, mixed mode, tiered, compressed oops, g1 gc, windows-amd64)
Heap:
 garbage-first heap   total 157696K, used 121184K [0x0000000700000000, 0x00000007001004d0, 0x00000007c0000000)
  region size 1024K, 52 young (53248K), 6 survivors (6144K)
 Metaspace       used 52042K, capacity 54331K, committed 54448K, reserved 1095680K
  class space    used 6853K, capacity 7282K, committed 7344K, reserved 1048576K
GC Heap History (10 events):
Event: 5.219 GC heap before
{Heap before GC invocations=6 (full 0):
 garbage-first heap   total 131072K, used 96498K [0x0000000700000000, 0x0000000700100400, 0x00000007c0000000)
  region size 1024K, 60 young (61440K), 1 survivors (1024K)
 Metaspace       used 32881K, capacity 34280K, committed 34608K, reserved 1079296K
  class space    used 3852K, capacity 4125K, committed 4144K, reserved 1048576K
}
Event: 5.222 GC heap after
{Heap after GC invocations=7 (full 0):
 garbage-first heap   total 131072K, used 37468K [0x0000000700000000, 0x0000000700100400, 0x00000007c0000000)
  region size 1024K, 4 young (4096K), 4 survivors (4096K)
 Metaspace       used 32881K, capacity 34280K, committed 34608K, reserved 1079296K
  class space    used 3852K, capacity 4125K, committed 4144K, reserved 1048576K
}
Event: 5.418 GC heap before
{Heap before GC invocations=7 (full 0):
 garbage-first heap   total 131072K, used 49756K [0x0000000700000000, 0x0000000700100400, 0x00000007c0000000)
  region size 1024K, 17 young (17408K), 4 survivors (4096K)
 Metaspace       used 34193K, capacity 35564K, committed 35888K, reserved 1081344K
  class space    used 4003K, capacity 4291K, committed 4400K, reserved 1048576K
}
Event: 5.421 GC heap after
{Heap after GC invocations=8 (full 0):
 garbage-first heap   total 131072K, used 38020K [0x0000000700000000, 0x0000000700100400, 0x00000007c0000000)
  region size 1024K, 4 young (4096K), 4 survivors (4096K)
 Metaspace       used 34193K, capacity 35564K, committed 35888K, reserved 1081344K
  class space    used 4003K, capacity 4291K, committed 4400K, reserved 1048576K
}
Event: 7.271 GC heap before
{Heap before GC invocations=9 (full 0):
 garbage-first heap   total 131072K, used 92292K [0x0000000700000000, 0x0000000700100400, 0x00000007c0000000)
  region size 1024K, 60 young (61440K), 4 survivors (4096K)
 Metaspace       used 40016K, capacity 41920K, committed 42160K, reserved 1085440K
  class space    used 4855K, capacity 5226K, committed 5296K, reserved 1048576K
}
Event: 7.290 GC heap after
{Heap after GC invocations=10 (full 0):
 garbage-first heap   total 131072K, used 44192K [0x0000000700000000, 0x0000000700100400, 0x00000007c0000000)
  region size 1024K, 8 young (8192K), 8 survivors (8192K)
 Metaspace       used 40016K, capacity 41920K, committed 42160K, reserved 1085440K
  class space    used 4855K, capacity 5226K, committed 5296K, reserved 1048576K
}
Event: 8.869 GC heap before
{Heap before GC invocations=10 (full 0):
 garbage-first heap   total 131072K, used 97440K [0x0000000700000000, 0x0000000700100400, 0x00000007c0000000)
  region size 1024K, 60 young (61440K), 8 survivors (8192K)
 Metaspace       used 45033K, capacity 47133K, committed 47408K, reserved 1091584K
  class space    used 5658K, capacity 6085K, committed 6192K, reserved 1048576K
}
Event: 8.886 GC heap after
{Heap after GC invocations=11 (full 0):
 garbage-first heap   total 131072K, used 52540K [0x0000000700000000, 0x0000000700100400, 0x00000007c0000000)
  region size 1024K, 8 young (8192K), 8 survivors (8192K)
 Metaspace       used 45033K, capacity 47133K, committed 47408K, reserved 1091584K
  class space    used 5658K, capacity 6085K, committed 6192K, reserved 1048576K
}
Event: 10.180 GC heap before
{Heap before GC invocations=11 (full 0):
 garbage-first heap   total 131072K, used 105788K [0x0000000700000000, 0x0000000700100400, 0x00000007c0000000)
  region size 1024K, 60 young (61440K), 8 survivors (8192K)
 Metaspace       used 47300K, capacity 49469K, committed 49584K, reserved 1091584K
  class space    used 6091K, capacity 6502K, committed 6576K, reserved 1048576K
}
Event: 10.191 GC heap after
{Heap after GC invocations=12 (full 0):
 garbage-first heap   total 157696K, used 55648K [0x0000000700000000, 0x00000007001004d0, 0x00000007c0000000)
  region size 1024K, 6 young (6144K), 6 survivors (6144K)
 Metaspace       used 47300K, capacity 49469K, committed 49584K, reserved 1091584K
  class space    used 6091K, capacity 6502K, committed 6576K, reserved 1048576K
}

