# JRE version: Java(TM) SE Runtime Environment (9.0+11) (build 9.0.4+11)
# Java VM: Java HotSpot(TM) 64-Bit Server VM (9.0.4+11, mixed mode, tiered, compressed oops, g1 gc, windows-amd64)
Heap:
 garbage-first heap   total 222208K, used 107880K [0x0000000700000000, 0x00000007001006c8, 0x00000007c0000000)
  region size 1024K, 12 young (12288K), 3 survivors (3072K)
 Metaspace       used 72605K, capacity 74677K, committed 77872K, reserved 1116160K
  class space    used 9717K, capacity 10135K, committed 10800K, reserved 1048576K
GC Heap History (10 events):
Event: 17616.251 GC heap before
{Heap before GC invocations=75 (full 7):
 garbage-first heap   total 222208K, used 127743K [0x0000000700000000, 0x00000007001006c8, 0x00000007c0000000)
  region size 1024K, 60 young (61440K), 4 survivors (4096K)
 Metaspace       used 72350K, capacity 74421K, committed 77616K, reserved 1116160K
  class space    used 9713K, capacity 10135K, committed 10800K, reserved 1048576K
}
Event: 17616.261 GC heap after
{Heap after GC invocations=76 (full 7):
 garbage-first heap   total 222208K, used 70913K [0x0000000700000000, 0x00000007001006c8, 0x00000007c0000000)
  region size 1024K, 4 young (4096K), 4 survivors (4096K)
 Metaspace       used 72350K, capacity 74421K, committed 77616K, reserved 1116160K
  class space    used 9713K, capacity 10135K, committed 10800K, reserved 1048576K
}
Event: 17706.564 GC heap before
{Heap before GC invocations=76 (full 7):
 garbage-first heap   total 222208K, used 143617K [0x0000000700000000, 0x00000007001006c8, 0x00000007c0000000)
  region size 1024K, 60 young (61440K), 4 survivors (4096K)
 Metaspace       used 72555K, capacity 74613K, committed 77616K, reserved 1116160K
  class space    used 9717K, capacity 10135K, committed 10800K, reserved 1048576K
}
Event: 17706.569 GC heap after
{Heap after GC invocations=77 (full 7):
 garbage-first heap   total 222208K, used 86422K [0x0000000700000000, 0x00000007001006c8, 0x00000007c0000000)
  region size 1024K, 4 young (4096K), 4 survivors (4096K)
 Metaspace       used 72555K, capacity 74613K, committed 77616K, reserved 1116160K
  class space    used 9717K, capacity 10135K, committed 10800K, reserved 1048576K
}
Event: 17876.244 GC heap before
{Heap before GC invocations=77 (full 7):
 garbage-first heap   total 222208K, used 159126K [0x0000000700000000, 0x00000007001006c8, 0x00000007c0000000)
  region size 1024K, 60 young (61440K), 4 survivors (4096K)
 Metaspace       used 72583K, capacity 74677K, committed 77872K, reserved 1116160K
  class space    used 9717K, capacity 10135K, committed 10800K, reserved 1048576K
}
Event: 17876.250 GC heap after
{Heap after GC invocations=78 (full 7):
 garbage-first heap   total 222208K, used 101350K [0x0000000700000000, 0x00000007001006c8, 0x00000007c0000000)
  region size 1024K, 4 young (4096K), 4 survivors (4096K)
 Metaspace       used 72583K, capacity 74677K, committed 77872K, reserved 1116160K
  class space    used 9717K, capacity 10135K, committed 10800K, reserved 1048576K
}
Event: 17876.948 GC heap before
{Heap before GC invocations=78 (full 7):
 garbage-first heap   total 222208K, used 106470K [0x0000000700000000, 0x00000007001006c8, 0x00000007c0000000)
  region size 1024K, 10 young (10240K), 4 survivors (4096K)
 Metaspace       used 72594K, capacity 74677K, committed 77872K, reserved 1116160K
  class space    used 9717K, capacity 10135K, committed 10800K, reserved 1048576K
}
Event: 17876.954 GC heap after
{Heap after GC invocations=79 (full 7):
 garbage-first heap   total 222208K, used 85355K [0x0000000700000000, 0x00000007001006c8, 0x00000007c0000000)
  region size 1024K, 3 young (3072K), 3 survivors (3072K)
 Metaspace       used 72594K, capacity 74677K, committed 77872K, reserved 1116160K
  class space    used 9717K, capacity 10135K, committed 10800K, reserved 1048576K
}
Event: 17877.163 GC heap before
{Heap before GC invocations=80 (full 7):
 garbage-first heap   total 222208K, used 107989K [0x0000000700000000, 0x00000007001006c8, 0x00000007c0000000)
  region size 1024K, 12 young (12288K), 3 survivors (3072K)
 Metaspace       used 72594K, capacity 74677K, committed 77872K, reserved 1116160K
  class space    used 9717K, capacity 10135K, committed 10800K, reserved 1048576K
}
Event: 17877.167 GC heap after
{Heap after GC invocations=81 (full 7):
 garbage-first heap   total 222208K, used 84328K [0x0000000700000000, 0x00000007001006c8, 0x00000007c0000000)
  region size 1024K, 3 young (3072K), 3 survivors (3072K)
 Metaspace       used 72594K, capacity 74677K, committed 77872K, reserved 1116160K
  class space    used 9717K, capacity 10135K, committed 10800K, reserved 1048576K
}

