# JRE version: Java(TM) SE Runtime Environment (9.0+11) (build 9.0.4+11)
# Java VM: Java HotSpot(TM) 64-Bit Server VM (9.0.4+11, mixed mode, tiered, compressed oops, g1 gc, windows-amd64)
Heap:
 garbage-first heap   total 131072K, used 78739K [0x0000000700000000, 0x0000000700100400, 0x00000007c0000000)
  region size 1024K, 16 young (16384K), 6 survivors (6144K)
 Metaspace       used 52069K, capacity 54331K, committed 54448K, reserved 1095680K
  class space    used 6854K, capacity 7282K, committed 7344K, reserved 1048576K
GC Heap History (10 events):
Event: 5.532 GC heap before
{Heap before GC invocations=7 (full 0):
 garbage-first heap   total 131072K, used 49855K [0x0000000700000000, 0x0000000700100400, 0x00000007c0000000)
  region size 1024K, 18 young (18432K), 4 survivors (4096K)
 Metaspace       used 34437K, capacity 35820K, committed 36048K, reserved 1081344K
  class space    used 4058K, capacity 4355K, committed 4400K, reserved 1048576K
}
Event: 5.536 GC heap after
{Heap after GC invocations=8 (full 0):
 garbage-first heap   total 131072K, used 37407K [0x0000000700000000, 0x0000000700100400, 0x00000007c0000000)
  region size 1024K, 4 young (4096K), 4 survivors (4096K)
 Metaspace       used 34437K, capacity 35820K, committed 36048K, reserved 1081344K
  class space    used 4058K, capacity 4355K, committed 4400K, reserved 1048576K
}
Event: 7.652 GC heap before
{Heap before GC invocations=9 (full 0):
 garbage-first heap   total 131072K, used 90655K [0x0000000700000000, 0x0000000700100400, 0x00000007c0000000)
  region size 1024K, 60 young (61440K), 4 survivors (4096K)
 Metaspace       used 40008K, capacity 41920K, committed 42160K, reserved 1085440K
  class space    used 4855K, capacity 5226K, committed 5296K, reserved 1048576K
}
Event: 7.666 GC heap after
{Heap after GC invocations=10 (full 0):
 garbage-first heap   total 131072K, used 42414K [0x0000000700000000, 0x0000000700100400, 0x00000007c0000000)
  region size 1024K, 8 young (8192K), 8 survivors (8192K)
 Metaspace       used 40008K, capacity 41920K, committed 42160K, reserved 1085440K
  class space    used 4855K, capacity 5226K, committed 5296K, reserved 1048576K
}
Event: 9.105 GC heap before
{Heap before GC invocations=10 (full 0):
 garbage-first heap   total 131072K, used 95662K [0x0000000700000000, 0x0000000700100400, 0x00000007c0000000)
  region size 1024K, 60 young (61440K), 8 survivors (8192K)
 Metaspace       used 45066K, capacity 47197K, committed 47408K, reserved 1091584K
  class space    used 5657K, capacity 6085K, committed 6192K, reserved 1048576K
}
Event: 9.123 GC heap after
{Heap after GC invocations=11 (full 0):
 garbage-first heap   total 131072K, used 50240K [0x0000000700000000, 0x0000000700100400, 0x00000007c0000000)
  region size 1024K, 8 young (8192K), 8 survivors (8192K)
 Metaspace       used 45066K, capacity 47197K, committed 47408K, reserved 1091584K
  class space    used 5657K, capacity 6085K, committed 6192K, reserved 1048576K
}
Event: 10.298 GC heap before
{Heap before GC invocations=11 (full 0):
 garbage-first heap   total 131072K, used 103488K [0x0000000700000000, 0x0000000700100400, 0x00000007c0000000)
  region size 1024K, 60 young (61440K), 8 survivors (8192K)
 Metaspace       used 47342K, capacity 49469K, committed 49584K, reserved 1091584K
  class space    used 6091K, capacity 6502K, committed 6576K, reserved 1048576K
}
Event: 10.308 GC heap after
{Heap after GC invocations=12 (full 0):
 garbage-first heap   total 131072K, used 53264K [0x0000000700000000, 0x0000000700100400, 0x00000007c0000000)
  region size 1024K, 6 young (6144K), 6 survivors (6144K)
 Metaspace       used 47342K, capacity 49469K, committed 49584K, reserved 1091584K
  class space    used 6091K, capacity 6502K, committed 6576K, reserved 1048576K
}
Event: 11.644 GC heap before
{Heap before GC invocations=12 (full 0):
 garbage-first heap   total 131072K, used 91152K [0x0000000700000000, 0x0000000700100400, 0x00000007c0000000)
  region size 1024K, 42 young (43008K), 6 survivors (6144K)
 Metaspace       used 51629K, capacity 53861K, committed 54064K, reserved 1095680K
  class space    used 6799K, capacity 7211K, committed 7216K, reserved 1048576K
}
Event: 11.655 GC heap after
{Heap after GC invocations=13 (full 0):
 garbage-first heap   total 131072K, used 57235K [0x0000000700000000, 0x0000000700100400, 0x00000007c0000000)
  region size 1024K, 6 young (6144K), 6 survivors (6144K)
 Metaspace       used 51629K, capacity 53861K, committed 54064K, reserved 1095680K
  class space    used 6799K, capacity 7211K, committed 7216K, reserved 1048576K
}

