# JRE version: Java(TM) SE Runtime Environment (9.0+11) (build 9.0.4+11)
# Java VM: Java HotSpot(TM) 64-Bit Server VM (9.0.4+11, mixed mode, tiered, compressed oops, g1 gc, windows-amd64)
Heap:
 garbage-first heap   total 328704K, used 119899K [0x0000000700000000, 0x0000000700100a08, 0x00000007c0000000)
  region size 1024K, 51 young (52224K), 2 survivors (2048K)
 Metaspace       used 72350K, capacity 76717K, committed 76924K, reserved 1116160K
  class space    used 10041K, capacity 10815K, committed 10876K, reserved 1048576K
GC Heap History (10 events):
Event: 11.575 GC heap before
{Heap before GC invocations=24 (full 1):
 garbage-first heap   total 189440K, used 130148K [0x0000000700000000, 0x00000007001005c8, 0x00000007c0000000)
  region size 1024K, 60 young (61440K), 1 survivors (1024K)
 Metaspace       used 69329K, capacity 73003K, committed 73084K, reserved 1112064K
  class space    used 9642K, capacity 10314K, committed 10364K, reserved 1048576K
}
Event: 11.576 GC heap after
{Heap after GC invocations=25 (full 1):
 garbage-first heap   total 189440K, used 69726K [0x0000000700000000, 0x00000007001005c8, 0x00000007c0000000)
  region size 1024K, 1 young (1024K), 1 survivors (1024K)
 Metaspace       used 69329K, capacity 73003K, committed 73084K, reserved 1112064K
  class space    used 9642K, capacity 10314K, committed 10364K, reserved 1048576K
}
Event: 11.871 GC heap before
{Heap before GC invocations=25 (full 1):
 garbage-first heap   total 189440K, used 130142K [0x0000000700000000, 0x00000007001005c8, 0x00000007c0000000)
  region size 1024K, 60 young (61440K), 1 survivors (1024K)
 Metaspace       used 69577K, capacity 73295K, committed 73340K, reserved 1112064K
  class space    used 9650K, capacity 10320K, committed 10364K, reserved 1048576K
}
Event: 11.874 GC heap after
{Heap after GC invocations=26 (full 1):
 garbage-first heap   total 189440K, used 70068K [0x0000000700000000, 0x00000007001005c8, 0x00000007c0000000)
  region size 1024K, 2 young (2048K), 2 survivors (2048K)
 Metaspace       used 69577K, capacity 73295K, committed 73340K, reserved 1112064K
  class space    used 9650K, capacity 10320K, committed 10364K, reserved 1048576K
}
Event: 12.125 GC heap before
{Heap before GC invocations=26 (full 1):
 garbage-first heap   total 189440K, used 129460K [0x0000000700000000, 0x00000007001005c8, 0x00000007c0000000)
  region size 1024K, 60 young (61440K), 2 survivors (2048K)
 Metaspace       used 69814K, capacity 73591K, committed 73852K, reserved 1112064K
  class space    used 9669K, capacity 10344K, committed 10364K, reserved 1048576K
}
Event: 12.128 GC heap after
{Heap after GC invocations=27 (full 1):
 garbage-first heap   total 189440K, used 70659K [0x0000000700000000, 0x00000007001005c8, 0x00000007c0000000)
  region size 1024K, 2 young (2048K), 2 survivors (2048K)
 Metaspace       used 69814K, capacity 73591K, committed 73852K, reserved 1112064K
  class space    used 9669K, capacity 10344K, committed 10364K, reserved 1048576K
}
Event: 13.903 GC heap before
{Heap before GC invocations=27 (full 1):
 garbage-first heap   total 189440K, used 130051K [0x0000000700000000, 0x00000007001005c8, 0x00000007c0000000)
  region size 1024K, 60 young (61440K), 2 survivors (2048K)
 Metaspace       used 70122K, capacity 73915K, committed 74236K, reserved 1114112K
  class space    used 9683K, capacity 10384K, committed 10492K, reserved 1048576K
}
Event: 13.907 GC heap after
{Heap after GC invocations=28 (full 1):
 garbage-first heap   total 328704K, used 70509K [0x0000000700000000, 0x0000000700100a08, 0x00000007c0000000)
  region size 1024K, 2 young (2048K), 2 survivors (2048K)
 Metaspace       used 70122K, capacity 73915K, committed 74236K, reserved 1114112K
  class space    used 9683K, capacity 10384K, committed 10492K, reserved 1048576K
}
Event: 15.181 GC heap before
{Heap before GC invocations=28 (full 1):
 garbage-first heap   total 328704K, used 129901K [0x0000000700000000, 0x0000000700100a08, 0x00000007c0000000)
  region size 1024K, 60 young (61440K), 2 survivors (2048K)
 Metaspace       used 70574K, capacity 74663K, committed 74748K, reserved 1114112K
  class space    used 9742K, capacity 10474K, committed 10492K, reserved 1048576K
}
Event: 15.184 GC heap after
{Heap after GC invocations=29 (full 1):
 garbage-first heap   total 328704K, used 70747K [0x0000000700000000, 0x0000000700100a08, 0x00000007c0000000)
  region size 1024K, 2 young (2048K), 2 survivors (2048K)
 Metaspace       used 70574K, capacity 74663K, committed 74748K, reserved 1114112K
  class space    used 9742K, capacity 10474K, committed 10492K, reserved 1048576K
}

