# JRE version: Java(TM) SE Runtime Environment (9.0+11) (build 9.0.4+11)
# Java VM: Java HotSpot(TM) 64-Bit Server VM (9.0.4+11, mixed mode, tiered, compressed oops, g1 gc, windows-amd64)
Heap:
 garbage-first heap   total 262144K, used 148241K [0x0000000700000000, 0x0000000700100800, 0x00000007c0000000)
  region size 1024K, 37 young (37888K), 3 survivors (3072K)
 Metaspace       used 88441K, capacity 93915K, committed 94128K, reserved 1130496K
  class space    used 12246K, capacity 13194K, committed 13232K, reserved 1048576K
GC Heap History (10 events):
Event: 997.320 GC heap before
{Heap before GC invocations=230 (full 5):
 garbage-first heap   total 262144K, used 141221K [0x0000000700000000, 0x0000000700100800, 0x00000007c0000000)
  region size 1024K, 60 young (61440K), 0 survivors (0K)
 Metaspace       used 80339K, capacity 85585K, committed 85680K, reserved 1124352K
  class space    used 10711K, capacity 11621K, committed 11696K, reserved 1048576K
}
Event: 997.328 GC heap after
{Heap after GC invocations=231 (full 5):
 garbage-first heap   total 262144K, used 92826K [0x0000000700000000, 0x0000000700100800, 0x00000007c0000000)
  region size 1024K, 8 young (8192K), 8 survivors (8192K)
 Metaspace       used 80339K, capacity 85585K, committed 85680K, reserved 1124352K
  class space    used 10711K, capacity 11621K, committed 11696K, reserved 1048576K
}
Event: 997.645 GC heap before
{Heap before GC invocations=231 (full 5):
 garbage-first heap   total 262144K, used 146074K [0x0000000700000000, 0x0000000700100800, 0x00000007c0000000)
  region size 1024K, 60 young (61440K), 8 survivors (8192K)
 Metaspace       used 80572K, capacity 85777K, committed 85936K, reserved 1124352K
  class space    used 10758K, capacity 11685K, committed 11696K, reserved 1048576K
}
Event: 997.655 GC heap after
{Heap after GC invocations=232 (full 5):
 garbage-first heap   total 262144K, used 100857K [0x0000000700000000, 0x0000000700100800, 0x00000007c0000000)
  region size 1024K, 8 young (8192K), 8 survivors (8192K)
 Metaspace       used 80572K, capacity 85777K, committed 85936K, reserved 1124352K
  class space    used 10758K, capacity 11685K, committed 11696K, reserved 1048576K
}
Event: 998.302 GC heap before
{Heap before GC invocations=232 (full 5):
 garbage-first heap   total 262144K, used 154105K [0x0000000700000000, 0x0000000700100800, 0x00000007c0000000)
  region size 1024K, 60 young (61440K), 8 survivors (8192K)
 Metaspace       used 84310K, capacity 89621K, committed 89776K, reserved 1126400K
  class space    used 11740K, capacity 12683K, committed 12720K, reserved 1048576K
}
Event: 998.311 GC heap after
{Heap after GC invocations=233 (full 5):
 garbage-first heap   total 262144K, used 107968K [0x0000000700000000, 0x0000000700100800, 0x00000007c0000000)
  region size 1024K, 7 young (7168K), 7 survivors (7168K)
 Metaspace       used 84310K, capacity 89621K, committed 89776K, reserved 1126400K
  class space    used 11740K, capacity 12683K, committed 12720K, reserved 1048576K
}
Event: 998.953 GC heap before
{Heap before GC invocations=233 (full 5):
 garbage-first heap   total 262144K, used 162240K [0x0000000700000000, 0x0000000700100800, 0x00000007c0000000)
  region size 1024K, 60 young (61440K), 7 survivors (7168K)
 Metaspace       used 87020K, capacity 92405K, committed 92720K, reserved 1128448K
  class space    used 12055K, capacity 12985K, committed 13104K, reserved 1048576K
}
Event: 998.962 GC heap after
{Heap after GC invocations=234 (full 5):
 garbage-first heap   total 262144K, used 110287K [0x0000000700000000, 0x0000000700100800, 0x00000007c0000000)
  region size 1024K, 5 young (5120K), 5 survivors (5120K)
 Metaspace       used 87020K, capacity 92405K, committed 92720K, reserved 1128448K
  class space    used 12055K, capacity 12985K, committed 13104K, reserved 1048576K
}
Event: 1002.751 GC heap before
{Heap before GC invocations=234 (full 5):
 garbage-first heap   total 262144K, used 169679K [0x0000000700000000, 0x0000000700100800, 0x00000007c0000000)
  region size 1024K, 60 young (61440K), 5 survivors (5120K)
 Metaspace       used 88401K, capacity 93915K, committed 94128K, reserved 1130496K
  class space    used 12244K, capacity 13194K, committed 13232K, reserved 1048576K
}
Event: 1002.758 GC heap after
{Heap after GC invocations=235 (full 5):
 garbage-first heap   total 262144K, used 114449K [0x0000000700000000, 0x0000000700100800, 0x00000007c0000000)
  region size 1024K, 3 young (3072K), 3 survivors (3072K)
 Metaspace       used 88401K, capacity 93915K, committed 94128K, reserved 1130496K
  class space    used 12244K, capacity 13194K, committed 13232K, reserved 1048576K
}

