# JRE version: Java(TM) SE Runtime Environment (9.0+11) (build 9.0.4+11)
# Java VM: Java HotSpot(TM) 64-Bit Server VM (9.0.4+11, mixed mode, tiered, compressed oops, g1 gc, windows-amd64)
Heap:
 garbage-first heap   total 221184K, used 77200K [0x0000000700000000, 0x00000007001006c0, 0x00000007c0000000)
  region size 1024K, 12 young (12288K), 3 survivors (3072K)
 Metaspace       used 75485K, capacity 76959K, committed 81968K, reserved 1120256K
  class space    used 9668K, capacity 10016K, committed 11056K, reserved 1048576K
GC Heap History (10 events):
Event: 44011.055 GC heap before
{Heap before GC invocations=288 (full 10):
 garbage-first heap   total 221184K, used 113061K [0x0000000700000000, 0x00000007001006c0, 0x00000007c0000000)
  region size 1024K, 46 young (47104K), 2 survivors (2048K)
 Metaspace       used 75477K, capacity 76895K, committed 81968K, reserved 1120256K
  class space    used 9667K, capacity 10016K, committed 11056K, reserved 1048576K
}
Event: 44011.159 GC heap after
{Heap after GC invocations=289 (full 11):
 garbage-first heap   total 221184K, used 66898K [0x0000000700000000, 0x00000007001006c0, 0x00000007c0000000)
  region size 1024K, 0 young (0K), 0 survivors (0K)
 Metaspace       used 75477K, capacity 76895K, committed 81968K, reserved 1120256K
  class space    used 9667K, capacity 10016K, committed 11056K, reserved 1048576K
}
Event: 44048.603 GC heap before
{Heap before GC invocations=289 (full 11):
 garbage-first heap   total 221184K, used 128338K [0x0000000700000000, 0x00000007001006c0, 0x00000007c0000000)
  region size 1024K, 60 young (61440K), 0 survivors (0K)
 Metaspace       used 75479K, capacity 76895K, committed 81968K, reserved 1120256K
  class space    used 9667K, capacity 10016K, committed 11056K, reserved 1048576K
}
Event: 44048.604 GC heap after
{Heap after GC invocations=290 (full 11):
 garbage-first heap   total 221184K, used 67803K [0x0000000700000000, 0x00000007001006c0, 0x00000007c0000000)
  region size 1024K, 1 young (1024K), 1 survivors (1024K)
 Metaspace       used 75479K, capacity 76895K, committed 81968K, reserved 1120256K
  class space    used 9667K, capacity 10016K, committed 11056K, reserved 1048576K
}
Event: 44050.624 GC heap before
{Heap before GC invocations=290 (full 11):
 garbage-first heap   total 221184K, used 128219K [0x0000000700000000, 0x00000007001006c0, 0x00000007c0000000)
  region size 1024K, 60 young (61440K), 1 survivors (1024K)
 Metaspace       used 75479K, capacity 76895K, committed 81968K, reserved 1120256K
  class space    used 9667K, capacity 10016K, committed 11056K, reserved 1048576K
}
Event: 44050.626 GC heap after
{Heap after GC invocations=291 (full 11):
 garbage-first heap   total 221184K, used 67621K [0x0000000700000000, 0x00000007001006c0, 0x00000007c0000000)
  region size 1024K, 1 young (1024K), 1 survivors (1024K)
 Metaspace       used 75479K, capacity 76895K, committed 81968K, reserved 1120256K
  class space    used 9667K, capacity 10016K, committed 11056K, reserved 1048576K
}
Event: 44193.933 GC heap before
{Heap before GC invocations=291 (full 11):
 garbage-first heap   total 221184K, used 128037K [0x0000000700000000, 0x00000007001006c0, 0x00000007c0000000)
  region size 1024K, 60 young (61440K), 1 survivors (1024K)
 Metaspace       used 75480K, capacity 76895K, committed 81968K, reserved 1120256K
  class space    used 9667K, capacity 10016K, committed 11056K, reserved 1048576K
}
Event: 44193.937 GC heap after
{Heap after GC invocations=292 (full 11):
 garbage-first heap   total 221184K, used 68419K [0x0000000700000000, 0x00000007001006c0, 0x00000007c0000000)
  region size 1024K, 2 young (2048K), 2 survivors (2048K)
 Metaspace       used 75480K, capacity 76895K, committed 81968K, reserved 1120256K
  class space    used 9667K, capacity 10016K, committed 11056K, reserved 1048576K
}
Event: 44457.056 GC heap before
{Heap before GC invocations=292 (full 11):
 garbage-first heap   total 221184K, used 127811K [0x0000000700000000, 0x00000007001006c0, 0x00000007c0000000)
  region size 1024K, 60 young (61440K), 2 survivors (2048K)
 Metaspace       used 75485K, capacity 76959K, committed 81968K, reserved 1120256K
  class space    used 9668K, capacity 10016K, committed 11056K, reserved 1048576K
}
Event: 44457.065 GC heap after
{Heap after GC invocations=293 (full 11):
 garbage-first heap   total 221184K, used 69008K [0x0000000700000000, 0x00000007001006c0, 0x00000007c0000000)
  region size 1024K, 3 young (3072K), 3 survivors (3072K)
 Metaspace       used 75485K, capacity 76959K, committed 81968K, reserved 1120256K
  class space    used 9668K, capacity 10016K, committed 11056K, reserved 1048576K
}

